0 info it worked if it ends with ok
1 verbose cli [ '/usr/local/bin/node', '/usr/local/bin/npm', 'run', 'build' ]
2 info using npm@3.10.9
3 info using node@v4.6.1
4 verbose run-script [ 'prebuild', 'build', 'postbuild' ]
5 info lifecycle circlemapping@1.0.0~prebuild: circlemapping@1.0.0
6 silly lifecycle circlemapping@1.0.0~prebuild: no script for prebuild, continuing
7 info lifecycle circlemapping@1.0.0~build: circlemapping@1.0.0
8 verbose lifecycle circlemapping@1.0.0~build: unsafe-perm in lifecycle true
9 verbose lifecycle circlemapping@1.0.0~build: PATH: /usr/local/lib/node_modules/npm/bin/node-gyp-bin:/Users/safiyya/Documents/Source/circlemapping/node_modules/.bin:/usr/local/bin:/usr/bin:/bin:/usr/sbin:/sbin
10 verbose lifecycle circlemapping@1.0.0~build: CWD: /Users/safiyya/Documents/Source/circlemapping
11 silly lifecycle circlemapping@1.0.0~build: Args: [ '-c',
11 silly lifecycle   'rimraf dist && webpack --config config/webpack.prod.js --progress --profile --bail' ]
12 info lifecycle circlemapping@1.0.0~build: Failed to exec build script
13 verbose stack Error: circlemapping@1.0.0 build: `rimraf dist && webpack --config config/webpack.prod.js --progress --profile --bail`
13 verbose stack spawn ENOENT
13 verbose stack     at ChildProcess.<anonymous> (/usr/local/lib/node_modules/npm/lib/utils/spawn.js:33:16)
13 verbose stack     at emitTwo (events.js:87:13)
13 verbose stack     at ChildProcess.emit (events.js:172:7)
13 verbose stack     at maybeClose (internal/child_process.js:829:16)
13 verbose stack     at Process.ChildProcess._handle.onexit (internal/child_process.js:211:5)
14 verbose pkgid circlemapping@1.0.0
15 verbose cwd /Users/safiyya/Documents/Source/circlemapping
16 error Darwin 15.5.0
17 error argv "/usr/local/bin/node" "/usr/local/bin/npm" "run" "build"
18 error node v4.6.1
19 error npm  v3.10.9
20 error file sh
21 error code ELIFECYCLE
22 error errno ENOENT
23 error syscall spawn
24 error circlemapping@1.0.0 build: `rimraf dist && webpack --config config/webpack.prod.js --progress --profile --bail`
24 error spawn ENOENT
25 error Failed at the circlemapping@1.0.0 build script 'rimraf dist && webpack --config config/webpack.prod.js --progress --profile --bail'.
25 error Make sure you have the latest version of node.js and npm installed.
25 error If you do, this is most likely a problem with the circlemapping package,
25 error not with npm itself.
25 error Tell the author that this fails on your system:
25 error     rimraf dist && webpack --config config/webpack.prod.js --progress --profile --bail
25 error You can get information on how to open an issue for this project with:
25 error     npm bugs circlemapping
25 error Or if that isn't available, you can get their info via:
25 error     npm owner ls circlemapping
25 error There is likely additional logging output above.
26 verbose exit [ 1, true ]
